<?xml version="1.0" encoding="UTF-8" ?>
<testsuite errors="1" failures="0" hostname="cos-notebook.cs.uiuc.edu" name="edu.illinois.reLooper.sabazios.DataRaceAnalysisTest" tests="1" time="0.0" timestamp="2011-01-10T01:32:16">
  <properties>
[...]
</properties>
  <error message="com/ibm/wala/ipa/callgraph/impl/SetOfClasses" type="java.lang.NoClassDefFoundError">java.lang.NoClassDefFoundError: com/ibm/wala/ipa/callgraph/impl/SetOfClasses
	at java.lang.Class.forName0(Native Method)
	at java.lang.Class.forName(Class.java:169)
Caused by: java.lang.ClassNotFoundException: com.ibm.wala.ipa.callgraph.impl.SetOfClasses
	at java.net.URLClassLoader$1.run(URLClassLoader.java:202)
	at java.security.AccessController.doPrivileged(Native Method)
	at java.net.URLClassLoader.findClass(URLClassLoader.java:190)
	at java.lang.ClassLoader.loadClass(ClassLoader.java:307)
	at sun.misc.Launcher$AppClassLoader.loadClass(Launcher.java:301)
	at java.lang.ClassLoader.loadClass(ClassLoader.java:248)
</error>
  <system-out><![CDATA[]]></system-out>
  <system-err><![CDATA[]]></system-err>
</testsuite>
